2021-10-12 20:53:47,254 INFO HW [main] Драйвер поднят
2021-10-12 20:53:49,905 INFO HW [main] Страница открыта
2021-10-12 20:56:01,259 INFO HW [main] Драйвер поднят
2021-10-12 20:57:42,157 INFO HW [main] Драйвер поднят
2021-10-12 20:58:53,116 INFO HW [main] Драйвер поднят
2021-10-12 21:01:45,501 INFO HW [main] Драйвер поднят
2021-10-12 21:02:14,246 INFO HW [main] Драйвер поднят
2021-10-12 21:04:55,053 INFO HW [main] Драйвер поднят
2021-10-12 21:07:01,568 INFO HW [main] Драйвер поднят
2021-10-12 21:07:19,937 INFO HW [main] Драйвер поднят
2021-10-12 21:07:46,489 INFO HW [main] Драйвер поднят
2021-10-12 21:11:17,667 INFO HW [main] Драйвер поднят
2021-10-12 21:11:50,562 INFO HW [main] Драйвер поднят
2021-10-12 21:16:15,111 INFO HW [main] Драйвер поднят
2021-10-12 21:17:58,309 INFO HW [main] Драйвер поднят
2021-10-12 21:19:13,212 INFO HW [main] Драйвер поднят
2021-10-12 21:27:11,401 INFO HW [main] Драйвер поднят
2021-10-12 21:27:59,167 INFO HW [main] Драйвер поднят
2021-10-12 21:29:48,871 INFO HW [main] Драйвер поднят
2021-10-12 21:30:06,174 INFO HW [main] Драйвер поднят
2021-10-12 21:30:31,949 INFO HW [main] Драйвер поднят
2021-10-12 21:30:49,910 INFO HW [main] Драйвер поднят
2021-10-12 21:40:50,990 INFO HW [main] Драйвер поднят
2021-10-12 21:43:44,606 INFO HW [main] Драйвер поднят
2021-10-12 21:45:46,032 INFO HW [main] Драйвер поднят
2021-10-12 21:46:34,585 INFO HW [main] Драйвер поднят
2021-10-14 19:48:55,065 INFO HW [main] Драйвер поднят
2021-10-14 20:14:47,359 INFO HW [main] Драйвер поднят
2021-10-14 20:16:01,791 INFO HW [main] Драйвер поднят
2021-10-14 20:16:02,384 INFO HW [main] otus
2021-10-14 20:16:34,909 INFO HW [main] Драйвер поднят
2021-10-14 20:16:40,516 INFO HW [main] otus
2021-10-14 20:19:22,192 INFO HW [main] Драйвер поднят
2021-10-14 20:19:27,789 INFO HW [main] otus
2021-10-14 20:29:00,500 INFO HW [main] Драйвер поднят
2021-10-14 20:29:06,164 INFO HW [main] Зашли на сайт
2021-10-14 20:29:11,224 INFO HW [main] otus
2021-10-14 20:30:52,415 INFO HW [main] Драйвер поднят
2021-10-14 20:30:54,059 INFO HW [main] Зашли на сайт
2021-10-14 20:30:55,123 INFO HW [main] otus
2021-10-14 20:41:40,070 INFO HW [main] Драйвер поднят
2021-10-14 20:41:41,763 INFO HW [main] Зашли на сайт
2021-10-14 20:41:42,834 INFO HW [main] otus
2021-10-14 20:43:02,472 INFO HW [main] Драйвер поднят
2021-10-14 20:43:04,137 INFO HW [main] Зашли на сайт
2021-10-14 20:43:05,208 INFO HW [main] otus
2021-10-14 20:45:49,295 INFO HW [main] Драйвер поднят
2021-10-14 20:45:50,965 INFO HW [main] Зашли на сайт
2021-10-14 20:45:52,027 INFO HW [main] otus
2021-10-14 20:48:17,748 INFO HW [main] Драйвер поднят
2021-10-14 20:48:19,393 INFO HW [main] Зашли на сайт
2021-10-14 20:48:20,461 INFO HW [main] otus
2021-10-14 20:48:55,597 INFO HW [main] Драйвер поднят
2021-10-14 20:48:57,274 INFO HW [main] Зашли на сайт
2021-10-14 20:48:58,340 INFO HW [main] otus
2021-10-14 20:49:27,892 INFO HW [main] Драйвер поднят
2021-10-14 20:49:29,562 INFO HW [main] Зашли на сайт
2021-10-14 20:49:30,624 INFO HW [main] otus
2021-10-14 20:52:25,632 INFO HW [main] Драйвер поднят
2021-10-14 20:52:31,211 INFO HW [main] Зашли на сайт
2021-10-14 20:52:32,285 INFO HW [main] otus
2021-10-14 20:52:56,736 INFO HW [main] Драйвер поднят
2021-10-14 20:53:02,051 INFO HW [main] Зашли на сайт
2021-10-14 20:53:03,111 INFO HW [main] otus
2021-10-14 20:54:37,823 INFO HW [main] Драйвер поднят
2021-10-14 20:54:42,999 INFO HW [main] Зашли на сайт
2021-10-14 20:54:44,062 INFO HW [main] ввели otus
2021-10-14 20:54:46,434 INFO HW [main] перешли на страницу по поиску
2021-10-14 20:54:46,467 INFO HW [main] проверили первую ссылку
2021-10-14 20:55:59,654 INFO HW [main] Драйвер поднят
2021-10-14 20:56:03,897 INFO HW [main] Зашли на сайт
2021-10-14 20:56:03,951 INFO HW [main] ввели otus
2021-10-14 20:56:06,198 INFO HW [main] перешли на страницу по поиску
2021-10-14 20:56:06,231 INFO HW [main] проверили первую ссылку
2021-10-14 20:56:36,253 INFO HW [main] Драйвер поднят
2021-10-14 20:56:40,464 INFO HW [main] Зашли на сайт
2021-10-14 20:56:40,517 INFO HW [main] ввели otus
2021-10-14 20:56:41,921 INFO HW [main] перешли на страницу по поиску
2021-10-14 20:56:41,949 INFO HW [main] проверили первую ссылку
2021-10-14 21:01:08,411 INFO HW [main] Драйвер поднят
2021-10-14 21:01:12,609 INFO HW [main] Зашли на сайт
2021-10-14 21:01:12,663 INFO HW [main] ввели otus
2021-10-14 21:01:13,993 INFO HW [main] перешли на страницу по поиску
2021-10-14 21:01:14,024 INFO HW [main] проверили первую ссылку
2021-10-14 22:24:28,680 INFO HW [main] Драйвер поднят
2021-10-14 22:27:39,423 INFO HW [main] Драйвер поднят
2021-10-14 22:30:06,558 INFO HW [main] Драйвер поднят
2021-10-14 22:30:34,716 INFO HW [main] Драйвер поднят
2021-10-14 22:31:02,483 INFO HW [main] Драйвер поднят
2021-10-14 22:31:35,204 INFO HW [main] Драйвер поднят
2021-10-14 22:34:19,955 INFO HW [main] Драйвер поднят
2021-10-14 22:34:25,893 INFO HW [main] Запушен режим киоска
2021-10-14 22:55:26,502 INFO HW [main] Драйвер поднят
2021-10-14 22:55:32,363 INFO HW [main] Запушен режим киоска
2021-10-14 22:55:53,341 INFO HW [main] Драйвер поднят
2021-10-14 22:55:59,414 INFO HW [main] Запушен режим киоска
2021-10-14 23:00:00,947 INFO HW [main] Драйвер поднят
2021-10-14 23:00:06,809 INFO HW [main] Запушен режим киоска
2021-10-14 23:03:24,545 INFO HW [main] Драйвер поднят
2021-10-14 23:03:30,699 INFO HW [main] Запушен режим киоска
2021-10-14 23:04:09,092 INFO HW [main] Драйвер поднят
2021-10-14 23:04:15,262 INFO HW [main] Запушен режим киоска
2021-10-14 23:04:35,307 INFO HW [main] Драйвер поднят
2021-10-14 23:04:41,330 INFO HW [main] Запушен режим киоска
2021-10-14 23:06:04,034 INFO HW [main] Драйвер поднят
2021-10-14 23:06:10,115 INFO HW [main] Запушен режим киоска
2021-10-14 23:06:57,661 INFO HW [main] Драйвер поднят
2021-10-14 23:07:03,711 INFO HW [main] Запушен режим киоска
2021-10-15 18:17:46,383 INFO HW [main] Драйвер поднят
2021-10-15 18:18:19,663 INFO HW [main] Драйвер поднят
2021-10-15 18:40:42,483 INFO HW [main] Драйвер поднят
2021-10-15 18:40:59,087 INFO HW [main] Зашли на сайт в режиме полного экрана
2021-10-15 18:40:59,793 INFO HW [main] Авторизация прошла успешно
2021-10-15 18:50:18,371 INFO HW [main] Драйвер поднят
2021-10-15 18:50:33,184 INFO HW [main] Зашли на сайт в режиме полного экрана
2021-10-15 18:50:33,940 INFO HW [main] Авторизация прошла успешно
2021-10-15 18:51:13,360 INFO HW [main] Драйвер поднят
2021-10-15 18:51:21,630 INFO HW [main] Зашли на сайт в режиме полного экрана
2021-10-15 18:51:22,266 INFO HW [main] Авторизация прошла успешно
2021-10-15 18:51:22,282 INFO HW [main] [advcake_track_id=26b5d553-b039-876b-3a2f-67a81c3ca15c; expires=вс, 14 нояб. 2021 06:51:14 MSK; path=/; domain=.otus.ru, oid=7febc42a50e1c8511d2b5f9c582542c8; expires=пн, 14 окт. 2024 06:51:21 MSK; path=/; domain=.otus.ru, _ym_d=1634313075; expires=сб, 15 окт. 2022 06:51:14 MSK; path=/; domain=.otus.ru;secure;; sameSite=None, sessionid=12gmrnc0a6z7hg60p7ijax5r3tf1gdd5; expires=чт, 13 янв. 2022 06:51:14 MSK; path=/; domain=otus.ru; sameSite=Lax, _ym_visorc=w; expires=пт, 15 окт. 2021 07:21:15 MSK; path=/; domain=.otus.ru;secure;; sameSite=None, _gid=GA1.2.336379636.1634313075; expires=сб, 16 окт. 2021 06:51:15 MSK; path=/; domain=.otus.ru, utm=utm_source%3Dtypein%26utm_medium%3Ddirect%26utm_campaign%3DNone; expires=пн, 14 окт. 2024 06:51:21 MSK; path=/; domain=otus.ru, _ym_uid=1634313075234356852; expires=сб, 15 окт. 2022 06:51:14 MSK; path=/; domain=.otus.ru;secure;; sameSite=None, _ym_isad=2; expires=сб, 16 окт. 2021 02:51:18 MSK; path=/; domain=.otus.ru;secure;; sameSite=None, _gat=1; expires=пт, 15 окт. 2021 06:52:15 MSK; path=/; domain=.otus.ru, _ga=GA1.2.748888667.1634313075; expires=вс, 15 окт. 2023 06:51:15 MSK; path=/; domain=.otus.ru, _fbp=fb.1.1634313079652.142116138; expires=чт, 13 янв. 2022 06:51:21 MSK; path=/; domain=.otus.ru; sameSite=Lax, advcake_session_id=160ac3c1-d75f-0232-f517-2106ed2b1e3a; expires=вс, 14 нояб. 2021 06:51:14 MSK; path=/; domain=.otus.ru]
2021-10-26 17:58:42,871 INFO HW [main] Драйвер поднят
2021-10-26 17:58:49,736 INFO HW [main] Запушен режим киоска
2021-10-26 18:00:02,411 INFO HW [main] Драйвер поднят
2021-10-26 18:00:08,550 INFO HW [main] Запушен режим киоска
